<?xml version="1.0" encoding="UTF-8"?>
<!-- Generated by org.testng.reporters.JUnitReportReporter -->
<testsuite hostname="PC379220" failures="0" tests="2" name="hackathon.CalculateTripCost.test" time="92.194" errors="0" timestamp="2020-11-08T14:12:37 IST" skipped="0">
  <testcase classname="hackathon.CalculateTripCost.test" name="test1" time="44.859"/>
  <system-out/>
  <testcase classname="hackathon.CalculateTripCost.test" name="test2" time="47.335"/>
  <system-out/>
</testsuite> <!-- hackathon.CalculateTripCost.test -->
